<?xml version="1.0" encoding="UTF-8"?>
<testng-results skipped="0" failed="0" ignored="0" total="1" passed="1">
  <reporter-output>
  </reporter-output>
  <suite name="Suite" duration-ms="17802" started-at="2019-11-13T10:57:23Z" finished-at="2019-11-13T10:57:41Z">
    <groups>
    </groups>
    <test name="Test" duration-ms="17802" started-at="2019-11-13T10:57:23Z" finished-at="2019-11-13T10:57:41Z">
      <class name="samplePackage.SampleTest1">
        <test-method status="PASS" signature="beforeClass()[pri:0, instance:samplePackage.SampleTest1@475530b9]" name="beforeClass" is-config="true" duration-ms="5961" started-at="2019-11-13T10:57:23Z" finished-at="2019-11-13T10:57:29Z">
          <reporter-output>
          </reporter-output>
        </test-method> <!-- beforeClass -->
        <test-method status="PASS" signature="test1()[pri:0, instance:samplePackage.SampleTest1@475530b9]" name="test1" duration-ms="11136" started-at="2019-11-13T10:57:29Z" finished-at="2019-11-13T10:57:40Z">
          <reporter-output>
          </reporter-output>
        </test-method> <!-- test1 -->
        <test-method status="PASS" signature="afterClass()[pri:0, instance:samplePackage.SampleTest1@475530b9]" name="afterClass" is-config="true" duration-ms="687" started-at="2019-11-13T10:57:40Z" finished-at="2019-11-13T10:57:41Z">
          <reporter-output>
          </reporter-output>
        </test-method> <!-- afterClass -->
      </class> <!-- samplePackage.SampleTest1 -->
    </test> <!-- Test -->
  </suite> <!-- Suite -->
</testng-results>
