<?xml version="1.0" encoding="UTF-8"?>
<!-- Generated by org.testng.reporters.JUnitXMLReporter -->
<testsuite hostname="DESKTOP-MT9O7B1" ignored="0" name="Default test" tests="3" failures="0" timestamp="2019-11-16T17:52:41 IST" time="44.32" errors="0">
  <testcase name="login" time="10.973" classname="testSuites.bookTravel"/>
  <testcase name="searchFlights" time="15.29" classname="testSuites.bookTravel"/>
  <testcase name="selectTickets" time="11.304" classname="testSuites.bookTravel"/>
</testsuite> <!-- Default test -->
